<?xml version="1.0" encoding="UTF-8"?>
<testng-results ignored="4" total="5" passed="1" failed="0" skipped="0">
  <reporter-output>
  </reporter-output>
  <suite started-at="2026-04-30T12:50:14 EDT" name="Default suite" finished-at="2026-04-30T12:50:17 EDT" duration-ms="3003">
    <groups>
    </groups>
    <test started-at="2026-04-30T12:50:14 EDT" name="Default test" finished-at="2026-04-30T12:50:17 EDT" duration-ms="3003">
      <class name="selenuimautomation.InternetAppTest">
        <test-method is-config="true" signature="initialise()[pri:0, instance:selenuimautomation.InternetAppTest@1d9b7cce]" started-at="2026-04-30T12:50:14 EDT" name="initialise" finished-at="2026-04-30T12:50:14 EDT" duration-ms="126" status="PASS">
          <reporter-output>
          </reporter-output>
        </test-method> <!-- initialise -->
        <test-method is-config="true" signature="preReq(java.lang.reflect.Method)[pri:0, instance:selenuimautomation.InternetAppTest@1d9b7cce]" started-at="2026-04-30T12:50:14 EDT" name="preReq" finished-at="2026-04-30T12:50:14 EDT" duration-ms="4" status="PASS">
          <params>
            <param index="0">
              <value>
                <![CDATA[public void selenuimautomation.InternetAppTest.dragAndDrop()]]>
              </value>
            </param>
          </params>
          <reporter-output>
          </reporter-output>
        </test-method> <!-- preReq -->
        <test-method signature="dragAndDrop()[pri:0, instance:selenuimautomation.InternetAppTest@1d9b7cce]" started-at="2026-04-30T12:50:14 EDT" name="dragAndDrop" finished-at="2026-04-30T12:50:17 EDT" duration-ms="2981" status="PASS">
          <reporter-output>
          </reporter-output>
        </test-method> <!-- dragAndDrop -->
        <test-method is-config="true" signature="tearDown()[pri:0, instance:selenuimautomation.InternetAppTest@1d9b7cce]" started-at="2026-04-30T12:50:17 EDT" name="tearDown" finished-at="2026-04-30T12:50:17 EDT" duration-ms="161" status="PASS">
          <reporter-output>
          </reporter-output>
        </test-method> <!-- tearDown -->
      </class> <!-- selenuimautomation.InternetAppTest -->
    </test> <!-- Default test -->
  </suite> <!-- Default suite -->
</testng-results>
