<?xml version="1.0" encoding="UTF-8"?>
<!-- Generated by org.testng.reporters.JUnitXMLReporter -->
<testsuite ignored="2" hostname="ASCE" failures="1" tests="5" name="Surefire test" time="10.241" errors="0" timestamp="2026-05-05T19:25:12 EDT">
  <testcase classname="selenuimautomation.InternetAppTest" name="JSpromptAlert" time="2.946"/>
  <testcase classname="selenuimautomation.InternetAppTest" name="confirmationAlert" time="1.433"/>
  <testcase classname="selenuimautomation.InternetAppTest" name="dragAndDrop" time="2.673"/>
  <testcase classname="selenuimautomation.InternetAppTest" name="loginForm" time="1.603">
    <failure type="java.lang.AssertionError" message="expected [https://the-internet.herokuapp.com/secure] but found [https://the-internet.herokuapp.com/login]">
      <![CDATA[java.lang.AssertionError: expected [https://the-internet.herokuapp.com/secure] but found [https://the-internet.herokuapp.com/login]
at selenuimautomation.InternetAppTest.loginForm(InternetAppTest.java:36)
at java.base/java.util.ArrayList.forEach(ArrayList.java:1604)
... Removed 36 stack frames]]>
    </failure>
  </testcase> <!-- loginForm -->
  <testcase classname="selenuimautomation.InternetAppTest" name="simpleAlert" time="1.549"/>
  <testcase classname="selenuimautomation.BaseTest" name="@BeforeSuite initialise" time="0.0">
    <ignored/>
  </testcase> <!-- @BeforeSuite initialise -->
  <testcase classname="selenuimautomation.BaseTest" name="@AfterSuite tearDown" time="0.0">
    <ignored/>
  </testcase> <!-- @AfterSuite tearDown -->
</testsuite> <!-- Surefire test -->
