<?xml version="1.0" encoding="UTF-8"?>
<testng-results ignored="0" total="1" passed="1" failed="0" skipped="0">
  <reporter-output>
  </reporter-output>
  <suite started-at="2026-04-20T15:38:45 EDT" name="Surefire suite" finished-at="2026-04-20T15:38:49 EDT" duration-ms="3873">
    <groups>
    </groups>
    <test started-at="2026-04-20T15:38:45 EDT" name="Surefire test" finished-at="2026-04-20T15:38:49 EDT" duration-ms="3873">
      <class name="selenuimautomation.FormAuthenticationTest">
        <test-method signature="homePage()[pri:0, instance:selenuimautomation.FormAuthenticationTest@55ca8de8]" started-at="2026-04-20T15:38:45 EDT" name="homePage" finished-at="2026-04-20T15:38:49 EDT" duration-ms="3854" status="PASS">
          <reporter-output>
          </reporter-output>
        </test-method> <!-- homePage -->
      </class> <!-- selenuimautomation.FormAuthenticationTest -->
    </test> <!-- Surefire test -->
  </suite> <!-- Surefire suite -->
</testng-results>
