<?xml version="1.0" encoding="UTF-8"?>
<testng-results ignored="0" total="5" passed="4" failed="1" skipped="0">
  <reporter-output>
  </reporter-output>
  <suite started-at="2026-05-05T19:25:02 EDT" name="Surefire suite" finished-at="2026-05-05T19:25:12 EDT" duration-ms="10241">
    <groups>
    </groups>
    <test started-at="2026-05-05T19:25:02 EDT" name="Surefire test" finished-at="2026-05-05T19:25:12 EDT" duration-ms="10241">
      <class name="selenuimautomation.InternetAppTest">
        <test-method is-config="true" signature="preReq(java.lang.reflect.Method)[pri:0, instance:selenuimautomation.InternetAppTest@3d299e3]" started-at="2026-05-05T19:25:02 EDT" name="preReq" finished-at="2026-05-05T19:25:02 EDT" duration-ms="5" status="PASS">
          <params>
            <param index="0">
              <value>
                <![CDATA[public void selenuimautomation.InternetAppTest.JSpromptAlert()]]>
              </value>
            </param>
          </params>
          <reporter-output>
          </reporter-output>
        </test-method> <!-- preReq -->
        <test-method signature="JSpromptAlert()[pri:0, instance:selenuimautomation.InternetAppTest@3d299e3]" started-at="2026-05-05T19:25:02 EDT" name="JSpromptAlert" finished-at="2026-05-05T19:25:05 EDT" duration-ms="2946" status="PASS">
          <reporter-output>
          </reporter-output>
        </test-method> <!-- JSpromptAlert -->
        <test-method is-config="true" signature="preReq(java.lang.reflect.Method)[pri:0, instance:selenuimautomation.InternetAppTest@3d299e3]" started-at="2026-05-05T19:25:05 EDT" name="preReq" finished-at="2026-05-05T19:25:05 EDT" duration-ms="1" status="PASS">
          <params>
            <param index="0">
              <value>
                <![CDATA[public void selenuimautomation.InternetAppTest.confirmationAlert()]]>
              </value>
            </param>
          </params>
          <reporter-output>
          </reporter-output>
        </test-method> <!-- preReq -->
        <test-method signature="confirmationAlert()[pri:0, instance:selenuimautomation.InternetAppTest@3d299e3]" started-at="2026-05-05T19:25:05 EDT" name="confirmationAlert" finished-at="2026-05-05T19:25:06 EDT" duration-ms="1433" status="PASS">
          <reporter-output>
          </reporter-output>
        </test-method> <!-- confirmationAlert -->
        <test-method is-config="true" signature="preReq(java.lang.reflect.Method)[pri:0, instance:selenuimautomation.InternetAppTest@3d299e3]" started-at="2026-05-05T19:25:06 EDT" name="preReq" finished-at="2026-05-05T19:25:06 EDT" duration-ms="1" status="PASS">
          <params>
            <param index="0">
              <value>
                <![CDATA[public void selenuimautomation.InternetAppTest.dragAndDrop()]]>
              </value>
            </param>
          </params>
          <reporter-output>
          </reporter-output>
        </test-method> <!-- preReq -->
        <test-method signature="dragAndDrop()[pri:0, instance:selenuimautomation.InternetAppTest@3d299e3]" started-at="2026-05-05T19:25:06 EDT" name="dragAndDrop" finished-at="2026-05-05T19:25:09 EDT" duration-ms="2673" status="PASS">
          <reporter-output>
          </reporter-output>
        </test-method> <!-- dragAndDrop -->
        <test-method is-config="true" signature="preReq(java.lang.reflect.Method)[pri:0, instance:selenuimautomation.InternetAppTest@3d299e3]" started-at="2026-05-05T19:25:09 EDT" name="preReq" finished-at="2026-05-05T19:25:09 EDT" duration-ms="1" status="PASS">
          <params>
            <param index="0">
              <value>
                <![CDATA[public void selenuimautomation.InternetAppTest.loginForm()]]>
              </value>
            </param>
          </params>
          <reporter-output>
          </reporter-output>
        </test-method> <!-- preReq -->
        <test-method signature="loginForm()[pri:0, instance:selenuimautomation.InternetAppTest@3d299e3]" started-at="2026-05-05T19:25:09 EDT" name="loginForm" finished-at="2026-05-05T19:25:10 EDT" duration-ms="1603" status="FAIL">
          <exception class="java.lang.AssertionError">
            <message>
              <![CDATA[expected [https://the-internet.herokuapp.com/secure] but found [https://the-internet.herokuapp.com/login]]]>
            </message>
            <full-stacktrace>
              <![CDATA[java.lang.AssertionError: expected [https://the-internet.herokuapp.com/secure] but found [https://the-internet.herokuapp.com/login]
at org.testng.Assert.fail(Assert.java:111)
at org.testng.Assert.failNotEquals(Assert.java:1590)
at org.testng.Assert.assertEqualsImpl(Assert.java:150)
at org.testng.Assert.assertEquals(Assert.java:132)
at org.testng.Assert.assertEquals(Assert.java:656)
at org.testng.Assert.assertEquals(Assert.java:666)
at selenuimautomation.InternetAppTest.loginForm(InternetAppTest.java:36)
at java.base/jdk.internal.reflect.DirectMethodHandleAccessor.invoke(DirectMethodHandleAccessor.java:104)
at java.base/java.lang.reflect.Method.invoke(Method.java:565)
at org.testng.internal.invokers.MethodInvocationHelper.invokeMethod(MethodInvocationHelper.java:141)
at org.testng.internal.invokers.TestInvoker.invokeMethod(TestInvoker.java:697)
at org.testng.internal.invokers.TestInvoker.invokeTestMethod(TestInvoker.java:230)
at org.testng.internal.invokers.MethodRunner.runInSequence(MethodRunner.java:63)
at org.testng.internal.invokers.TestInvoker$MethodInvocationAgent.invoke(TestInvoker.java:1005)
at org.testng.internal.invokers.TestInvoker.invokeTestMethods(TestInvoker.java:203)
at org.testng.internal.invokers.TestMethodWorker.invokeTestMethods(TestMethodWorker.java:154)
at org.testng.internal.invokers.TestMethodWorker.run(TestMethodWorker.java:134)
at java.base/java.util.ArrayList.forEach(ArrayList.java:1604)
at org.testng.TestRunner.privateRun(TestRunner.java:744)
at org.testng.TestRunner.run(TestRunner.java:616)
at org.testng.SuiteRunner.runTest(SuiteRunner.java:421)
at org.testng.SuiteRunner.runSequentially(SuiteRunner.java:413)
at org.testng.SuiteRunner.privateRun(SuiteRunner.java:373)
at org.testng.SuiteRunner.run(SuiteRunner.java:312)
at org.testng.SuiteRunnerWorker.runSuite(SuiteRunnerWorker.java:52)
at org.testng.SuiteRunnerWorker.run(SuiteRunnerWorker.java:95)
at org.testng.TestNG.runSuitesSequentially(TestNG.java:1274)
at org.testng.TestNG.runSuitesLocally(TestNG.java:1208)
at org.testng.TestNG.runSuites(TestNG.java:1112)
at org.testng.TestNG.run(TestNG.java:1079)
at org.apache.maven.surefire.testng.TestNGExecutor.run(TestNGExecutor.java:155)
at org.apache.maven.surefire.testng.TestNGDirectoryTestSuite.executeMulti(TestNGDirectoryTestSuite.java:169)
at org.apache.maven.surefire.testng.TestNGDirectoryTestSuite.execute(TestNGDirectoryTestSuite.java:88)
at org.apache.maven.surefire.testng.TestNGProvider.invoke(TestNGProvider.java:137)
at org.apache.maven.surefire.booter.ForkedBooter.runSuitesInProcess(ForkedBooter.java:385)
at org.apache.maven.surefire.booter.ForkedBooter.execute(ForkedBooter.java:162)
at org.apache.maven.surefire.booter.ForkedBooter.run(ForkedBooter.java:507)
at org.apache.maven.surefire.booter.ForkedBooter.main(ForkedBooter.java:495)
]]>
            </full-stacktrace>
          </exception> <!-- java.lang.AssertionError -->
          <reporter-output>
          </reporter-output>
        </test-method> <!-- loginForm -->
        <test-method is-config="true" signature="preReq(java.lang.reflect.Method)[pri:0, instance:selenuimautomation.InternetAppTest@3d299e3]" started-at="2026-05-05T19:25:10 EDT" name="preReq" finished-at="2026-05-05T19:25:10 EDT" duration-ms="0" status="PASS">
          <params>
            <param index="0">
              <value>
                <![CDATA[public void selenuimautomation.InternetAppTest.simpleAlert()]]>
              </value>
            </param>
          </params>
          <reporter-output>
          </reporter-output>
        </test-method> <!-- preReq -->
        <test-method signature="simpleAlert()[pri:0, instance:selenuimautomation.InternetAppTest@3d299e3]" started-at="2026-05-05T19:25:10 EDT" name="simpleAlert" finished-at="2026-05-05T19:25:12 EDT" duration-ms="1549" status="PASS">
          <reporter-output>
          </reporter-output>
        </test-method> <!-- simpleAlert -->
      </class> <!-- selenuimautomation.InternetAppTest -->
      <class name="selenuimautomation.BaseTest">
        <test-method is-config="true" signature="initialise()[pri:0, instance:selenuimautomation.BaseTest@50a7bc6e]" started-at="2026-05-05T19:25:02 EDT" name="initialise" finished-at="2026-05-05T19:25:02 EDT" duration-ms="125" status="PASS">
          <reporter-output>
          </reporter-output>
        </test-method> <!-- initialise -->
        <test-method is-config="true" signature="tearDown()[pri:0, instance:selenuimautomation.BaseTest@50a7bc6e]" started-at="2026-05-05T19:25:12 EDT" name="tearDown" finished-at="2026-05-05T19:25:12 EDT" duration-ms="307" status="PASS">
          <reporter-output>
          </reporter-output>
        </test-method> <!-- tearDown -->
      </class> <!-- selenuimautomation.BaseTest -->
    </test> <!-- Surefire test -->
  </suite> <!-- Surefire suite -->
</testng-results>
