<?xml version="1.0" encoding="UTF-8"?>
<!-- Generated by org.testng.reporters.JUnitReportReporter -->
<testsuite hostname="ASCE" failures="0" tests="5" name="selenuimautomation.InternetAppTest" time="9.975" errors="0" timestamp="2026-04-26T21:11:27 EDT" skipped="0">
  <testcase classname="selenuimautomation.InternetAppTest" name="loginForm" time="1.637"/>
  <testcase classname="selenuimautomation.InternetAppTest" name="simpleAlert" time="1.408"/>
  <testcase classname="selenuimautomation.InternetAppTest" name="dragAndDrop" time="3.740"/>
  <testcase classname="selenuimautomation.InternetAppTest" name="JSpromptAlert" time="1.703"/>
  <testcase classname="selenuimautomation.InternetAppTest" name="confirmationAlert" time="1.487"/>
</testsuite> <!-- selenuimautomation.InternetAppTest -->
