<?xml version="1.0" encoding="UTF-8"?>
<!-- Generated by org.testng.reporters.JUnitXMLReporter -->
<testsuite ignored="0" hostname="ASCE" failures="0" tests="5" name="Default test" time="9.996" errors="0" timestamp="2026-04-26T21:11:27 EDT">
  <testcase classname="selenuimautomation.InternetAppTest" name="JSpromptAlert" time="1.702"/>
  <testcase classname="selenuimautomation.InternetAppTest" name="confirmationAlert" time="1.487"/>
  <testcase classname="selenuimautomation.InternetAppTest" name="dragAndDrop" time="3.739"/>
  <testcase classname="selenuimautomation.InternetAppTest" name="loginForm" time="1.637"/>
  <testcase classname="selenuimautomation.InternetAppTest" name="simpleAlert" time="1.404"/>
</testsuite> <!-- Default test -->
