<?xml version="1.0" encoding="UTF-8"?>
<!-- Generated by org.testng.reporters.JUnitXMLReporter -->
<testsuite ignored="4" hostname="ASCE" failures="0" tests="1" name="Default test" time="3.003" errors="0" timestamp="2026-04-30T12:50:17 EDT">
  <testcase classname="selenuimautomation.InternetAppTest" name="dragAndDrop" time="2.981"/>
  <testcase classname="selenuimautomation.InternetAppTest" name="loginForm" time="0.0">
    <ignored/>
  </testcase> <!-- loginForm -->
  <testcase classname="selenuimautomation.InternetAppTest" name="JSpromptAlert" time="0.0">
    <ignored/>
  </testcase> <!-- JSpromptAlert -->
  <testcase classname="selenuimautomation.InternetAppTest" name="simpleAlert" time="0.0">
    <ignored/>
  </testcase> <!-- simpleAlert -->
  <testcase classname="selenuimautomation.InternetAppTest" name="confirmationAlert" time="0.0">
    <ignored/>
  </testcase> <!-- confirmationAlert -->
</testsuite> <!-- Default test -->
